<?xml version="1.0" encoding="UTF-8"?>
<testng-results ignored="0" total="1" passed="1" failed="0" skipped="0">
  <reporter-output>
  </reporter-output>
  <suite started-at="2021-05-09T10:46:32 CDT" name="Default suite" finished-at="2021-05-09T10:46:38 CDT" duration-ms="6221">
    <groups>
    </groups>
    <test started-at="2021-05-09T10:46:32 CDT" name="Default test" finished-at="2021-05-09T10:46:38 CDT" duration-ms="6221">
      <class name="variousConcepts.LearnTestNG">
        <test-method is-config="true" signature="readConfig()[pri:0, instance:variousConcepts.LearnTestNG@34f5090e]" started-at="2021-05-09T10:46:32 CDT" name="readConfig" finished-at="2021-05-09T10:46:32 CDT" duration-ms="3" status="PASS">
          <reporter-output>
          </reporter-output>
        </test-method> <!-- readConfig -->
        <test-method is-config="true" signature="launchBrowser()[pri:0, instance:variousConcepts.LearnTestNG@34f5090e]" started-at="2021-05-09T10:46:32 CDT" name="launchBrowser" finished-at="2021-05-09T10:46:36 CDT" duration-ms="3295" status="PASS">
          <reporter-output>
          </reporter-output>
        </test-method> <!-- launchBrowser -->
        <test-method signature="addCustomer()[pri:2, instance:variousConcepts.LearnTestNG@34f5090e]" started-at="2021-05-09T10:46:36 CDT" name="addCustomer" finished-at="2021-05-09T10:46:38 CDT" duration-ms="2906" status="PASS">
          <reporter-output>
          </reporter-output>
        </test-method> <!-- addCustomer -->
      </class> <!-- variousConcepts.LearnTestNG -->
    </test> <!-- Default test -->
  </suite> <!-- Default suite -->
</testng-results>
